\BOOKMARK [0][-]{section*.1}{\376\377\144\130\211\201}{}% 1
\BOOKMARK [0][-]{section*.3}{\376\377\000A\000B\000S\000T\000R\000A\000C\000T}{}% 2
\BOOKMARK [0][-]{section*.5}{\376\377\143\322\126\376\175\042\137\025}{}% 3
\BOOKMARK [0][-]{section*.7}{\376\377\210\150\150\074\175\042\137\025}{}% 4
\BOOKMARK [0][-]{section*.9}{\376\377\173\046\123\367\133\371\161\147\210\150}{}% 5
\BOOKMARK [0][-]{section*.11}{\376\377\177\051\165\145\213\355\133\371\161\147\210\150}{}% 6
\BOOKMARK [0][-]{chapter.1}{\376\377\173\054\116\000\172\340\000\040\000\040\176\352\213\272}{}% 7
\BOOKMARK [1][-]{section.1.1}{\376\377\0001\000.\0001\000\040\170\024\172\166\200\314\146\157\124\214\141\017\116\111}{chapter.1}% 8
\BOOKMARK [1][-]{section.1.2}{\376\377\0001\000.\0002\000\040\122\006\137\303\232\176\232\166\210\114\116\072\150\300\155\113\142\200\147\057\170\024\172\166\163\260\162\266}{chapter.1}% 9
\BOOKMARK [2][-]{subsection.1.2.1}{\376\377\0001\000.\0002\000.\0001\000\040\215\167\156\220}{section.1.2}% 10
\BOOKMARK [2][-]{subsection.1.2.2}{\376\377\0001\000.\0002\000.\0002\000\040\170\024\172\166\163\260\162\266}{section.1.2}% 11
\BOOKMARK [2][-]{subsection.1.2.3}{\376\377\0001\000.\0002\000.\0003\000\040\122\006\137\303\232\176\232\166\210\114\116\072\145\160\143\156\226\306}{section.1.2}% 12
\BOOKMARK [1][-]{section.1.3}{\376\377\0001\000.\0003\000\040\147\054\145\207\116\073\211\201\170\024\172\166\121\205\133\271\123\312\213\272\145\207\176\323\147\204}{chapter.1}% 13
\BOOKMARK [2][-]{subsection.1.3.1}{\376\377\0001\000.\0003\000.\0001\000\040\170\024\172\166\121\205\133\271}{section.1.3}% 14
\BOOKMARK [2][-]{subsection.1.3.2}{\376\377\0001\000.\0003\000.\0002\000\040\213\272\145\207\172\340\202\202\133\211\143\222}{section.1.3}% 15
\BOOKMARK [0][-]{chapter.2}{\376\377\173\054\116\214\172\340\000\040\000\040\122\006\137\303\232\176\232\166\210\114\116\072\150\300\155\113\126\376\120\317\230\204\131\004\164\006}{}% 16
\BOOKMARK [1][-]{section.2.1}{\376\377\0002\000.\0001\000\040\137\025\212\000}{chapter.2}% 17
\BOOKMARK [1][-]{section.2.2}{\376\377\0002\000.\0002\000\040\126\376\120\317\126\152\130\360\150\300\155\113}{chapter.2}% 18
\BOOKMARK [2][-]{subsection.2.2.1}{\376\377\0002\000.\0002\000.\0001\000\040\126\152\130\360\137\072\136\246\117\060\213\241\145\271\137\017}{section.2.2}% 19
\BOOKMARK [2][-]{subsection.2.2.2}{\376\377\0002\000.\0002\000.\0002\000\040\127\372\116\216\116\073\142\020\122\006\122\006\147\220\145\271\154\325\166\204\126\152\130\360\137\072\136\246\117\060\213\241}{section.2.2}% 20
\BOOKMARK [1][-]{section.2.3}{\376\377\0002\000.\0003\000\040\126\376\120\317\123\273\126\152\142\200\147\057}{chapter.2}% 21
\BOOKMARK [1][-]{section.2.4}{\376\377\0002\000.\0004\000\040\147\054\172\340\134\017\176\323}{chapter.2}% 22
\BOOKMARK [0][-]{chapter.3}{\376\377\173\054\116\011\172\340\000\040\000\040\127\372\116\216\152\041\127\213\207\215\124\010\166\204\122\006\137\303\232\176\232\166\210\114\116\072\150\300\155\113\145\271\154\325}{}% 23
\BOOKMARK [1][-]{section.3.1}{\376\377\0003\000.\0001\000\040\137\025\212\000}{chapter.3}% 24
\BOOKMARK [1][-]{section.3.2}{\376\377\0003\000.\0002\000\040\152\041\127\213\207\215\124\010}{chapter.3}% 25
\BOOKMARK [2][-]{subsection.3.2.1}{\376\377\0003\000.\0002\000.\0001\000\040\000R\000e\000s\000N\000e\000t\177\121\176\334}{section.3.2}% 26
\BOOKMARK [2][-]{subsection.3.2.2}{\376\377\0003\000.\0002\000.\0002\000\040\000V\000i\000s\000i\000o\000n\000\040\000T\000r\000a\000n\000s\000f\000o\000r\000m\000e\000r\177\121\176\334}{section.3.2}% 27
\BOOKMARK [2][-]{subsection.3.2.3}{\376\377\0003\000.\0002\000.\0003\000\040\000R\000V\000i\000T\177\121\176\334}{section.3.2}% 28
\BOOKMARK [1][-]{section.3.3}{\376\377\0003\000.\0003\000\040\116\377\167\037\133\236\232\214}{chapter.3}% 29
\BOOKMARK [2][-]{subsection.3.3.1}{\376\377\0003\000.\0003\000.\0001\000\040\133\236\232\214\213\276\177\156}{section.3.3}% 30
\BOOKMARK [2][-]{subsection.3.3.2}{\376\377\0003\000.\0003\000.\0002\000\040\140\047\200\375\213\304\116\367\150\007\121\306}{section.3.3}% 31
\BOOKMARK [2][-]{subsection.3.3.3}{\376\377\0003\000.\0003\000.\0003\000\040\133\236\232\214\176\323\147\234\123\312\122\006\147\220}{section.3.3}% 32
\BOOKMARK [1][-]{section.3.4}{\376\377\0003\000.\0004\000\040\147\054\172\340\134\017\176\323}{chapter.3}% 33
\BOOKMARK [0][-]{chapter.4}{\376\377\173\054\126\333\172\340\000\040\000\040\116\000\171\315\133\144\172\313\116\055\137\303\143\137\131\061\145\271\154\325\123\312\121\166\127\050\122\006\174\173\116\373\122\241\116\055\166\204\136\224\165\050}{}% 34
\BOOKMARK [1][-]{section.4.1}{\376\377\0004\000.\0001\000\040\137\025\212\000}{chapter.4}% 35
\BOOKMARK [1][-]{section.4.2}{\376\377\0004\000.\0002\000\040\145\071\217\333\000S\000o\000f\000t\000m\000a\000x\143\137\131\061\121\375\145\160}{chapter.4}% 36
\BOOKMARK [1][-]{section.4.3}{\376\377\0004\000.\0003\000\040\000C\000e\000n\000t\000e\000r\000L\000o\000s\000s\143\137\131\061\121\375\145\160}{chapter.4}% 37
\BOOKMARK [1][-]{section.4.4}{\376\377\0004\000.\0004\000\040\133\144\172\313\116\055\137\303\143\137\131\061\121\375\145\160}{chapter.4}% 38
\BOOKMARK [2][-]{subsection.4.4.1}{\376\377\0004\000.\0004\000.\0001\000\040\122\115\124\021\117\040\144\255}{section.4.4}% 39
\BOOKMARK [2][-]{subsection.4.4.2}{\376\377\0004\000.\0004\000.\0002\000\040\123\315\124\021\154\102\133\374}{section.4.4}% 40
\BOOKMARK [1][-]{section.4.5}{\376\377\0004\000.\0005\000\040\116\377\167\037\133\236\232\214}{chapter.4}% 41
\BOOKMARK [2][-]{subsection.4.5.1}{\376\377\0004\000.\0005\000.\0001\000\040\133\236\232\214\166\370\121\163\213\276\177\156}{section.4.5}% 42
\BOOKMARK [2][-]{subsection.4.5.2}{\376\377\0004\000.\0005\000.\0002\000\040\140\047\200\375\213\304\116\367\150\007\121\306}{section.4.5}% 43
\BOOKMARK [2][-]{subsection.4.5.3}{\376\377\0004\000.\0005\000.\0003\000\040\133\236\232\214\176\323\147\234\123\312\122\006\147\220}{section.4.5}% 44
\BOOKMARK [1][-]{section.4.6}{\376\377\0004\000.\0006\000\040\147\054\172\340\134\017\202\202}{chapter.4}% 45
\BOOKMARK [0][-]{chapter.5}{\376\377\173\054\116\224\172\340\000\040\000\040\127\372\116\216\152\041\127\213\207\215\124\010\166\204\122\006\137\303\232\176\232\166\210\114\116\072\150\300\155\113\174\373\176\337}{}% 46
\BOOKMARK [1][-]{section.5.1}{\376\377\0005\000.\0001\000\040\137\025\212\000}{chapter.5}% 47
\BOOKMARK [1][-]{section.5.2}{\376\377\0005\000.\0002\000\040\174\373\176\337\217\157\116\366\163\257\130\203}{chapter.5}% 48
\BOOKMARK [1][-]{section.5.3}{\376\377\0005\000.\0003\000\040\174\373\176\337\213\276\213\241\145\271\150\110}{chapter.5}% 49
\BOOKMARK [1][-]{section.5.4}{\376\377\0005\000.\0004\000\040\174\373\176\337\155\113\213\325}{chapter.5}% 50
\BOOKMARK [1][-]{section.5.5}{\376\377\0005\000.\0005\000\040\147\054\172\340\134\017\202\202}{chapter.5}% 51
\BOOKMARK [0][-]{chapter.6}{\376\377\173\054\121\155\172\340\000\040\000\040\140\073\176\323\116\016\134\125\147\033}{}% 52
\BOOKMARK [1][-]{section.6.1}{\376\377\0006\000.\0001\000\040\135\345\117\134\140\073\176\323}{chapter.6}% 53
\BOOKMARK [1][-]{section.6.2}{\376\377\0006\000.\0002\000\040\135\345\117\134\134\125\147\033}{chapter.6}% 54
\BOOKMARK [0][-]{section*.46}{\376\377\123\302\200\003\145\207\163\056}{}% 55
\BOOKMARK [0][-]{section*.48}{\376\377\201\364\214\042}{}% 56
\BOOKMARK [0][-]{section*.50}{\376\377\117\134\200\005\173\200\116\313}{}% 57
